d:\games\ \prj\vs c++\global\debug\vc143.pdb
d:\games\ \prj\vs c++\global\debug\vc143.idb
d:\games\ \prj\vs c++\global\debug\t3.obj
d:\games\ \prj\vs c++\global\debug\t2.obj
d:\games\ \prj\vs c++\global\debug\t1.obj
d:\games\ \prj\vs c++\global\debug\source.obj
d:\games\ \prj\vs c++\global\debug\global.exe
d:\games\ \prj\vs c++\global\debug\global.ilk
d:\games\ \prj\vs c++\global\debug\global.pdb
d:\games\ \prj\vs c++\global\debug\mystrcat.obj
d:\games\ \prj\vs c++\global\debug\mystrchr.obj
d:\games\ \prj\vs c++\global\debug\mystrcpy.obj
d:\games\ \prj\vs c++\global\debug\mystrlen.obj
d:\games\ \prj\vs c++\global\debug\mystrstr.obj
d:\games\ \prj\vs c++\global\debug\stringtonumber.obj
d:\games\ \prj\vs c++\global\debug\t4.obj
d:\games\ \prj\vs c++\global\debug\mystrchr.obj.enc
d:\games\ \prj\vs c++\global\debug\mystrcpy.obj.enc
d:\games\ \prj\vs c++\global\debug\source.obj.enc
d:\games\ \prj\vs c++\global\debug\vc142.idb
d:\games\ \prj\vs c++\global\debug\vc142.pdb
d:\games\ \prj\vs c++\global\debug\global.tlog\cl.command.1.tlog
d:\games\ \prj\vs c++\global\debug\global.tlog\cl.read.1.tlog
d:\games\ \prj\vs c++\global\debug\global.tlog\cl.write.1.tlog
d:\games\ \prj\vs c++\global\debug\global.tlog\link.command.1.tlog
d:\games\ \prj\vs c++\global\debug\global.tlog\link.read.1.tlog
d:\games\ \prj\vs c++\global\debug\global.tlog\link.write.1.tlog
